<?xml version="1.0" encoding="UTF-8"?>
<!-- Generated by org.testng.reporters.JUnitReportReporter -->
<testsuite hostname="Shan" failures="0" tests="1" name="testCasesPackage.T001_Login_And_Idea_Submission" time="10.404" errors="0" timestamp="2022-06-14T13:52:56 BDT" skipped="0">
  <testcase classname="testCasesPackage.T001_Login_And_Idea_Submission" name="Login_and_submission" time="10.404"/>
  <system-out/>
</testsuite> <!-- testCasesPackage.T001_Login_And_Idea_Submission -->
