<?xml version="1.0" encoding="UTF-8"?>
<!-- Generated by org.testng.reporters.JUnitReportReporter -->
<testsuite hostname="Shan" failures="0" tests="1" name="testCasesPackage.LoginAndIdeaSubmission" time="16.427" errors="0" timestamp="2022-06-14T21:59:19 BDT" skipped="0">
  <testcase classname="testCasesPackage.LoginAndIdeaSubmission" name="Login_and_submission" time="16.427"/>
  <system-out/>
</testsuite> <!-- testCasesPackage.LoginAndIdeaSubmission -->
